
================================================================================
EXPERIMENT COMPARISON
================================================================================

+-----------------+----------------+---------------------+----------------+---------+
| Experiment      | Final Reward   | Crafter Score (%)   | Achievements   |   Seeds |
+=================+================+=====================+================+=========+
| base-dqn        | 4.17 ± 0.10    | 30.65 ± 0.31        | 8.3 ± 0.5      |       3 |
+-----------------+----------------+---------------------+----------------+---------+
| enhanced-dqn    | 4.90 ± 0.16    | 32.91 ± 0.84        | 8.0 ± 0.0      |       3 |
+-----------------+----------------+---------------------+----------------+---------+
| dqn-nstep3      | 4.48 ± 0.16    | 30.23 ± 1.62        | 8.7 ± 0.9      |       3 |
+-----------------+----------------+---------------------+----------------+---------+
| dqn-nstep5      | 4.00 ± 0.19    | 26.82 ± 1.86        | 8.7 ± 1.2      |       3 |
+-----------------+----------------+---------------------+----------------+---------+
| full-enhanced   | 2.37 ± 0.06    | 43.70 ± 9.51        | 4.7 ± 0.5      |       3 |
+-----------------+----------------+---------------------+----------------+---------+
| random-baseline | -0.90 ± 0.00   | 0.00 ± 0.00         | 0.0 ± 0.0      |       3 |
+-----------------+----------------+---------------------+----------------+---------+

Table saved to logdir/results_20251109_123944/comparison_table.txt

================================================================================
DETAILED RESULTS
================================================================================


Experiment: base-dqn
----------------------------------------
Seeds: 3
Final Reward: 4.17 ± 0.10
Crafter Score: 30.65% ± 0.31%
Achievements: 8.3 ± 0.5

Experiment: enhanced-dqn
----------------------------------------
Seeds: 3
Final Reward: 4.90 ± 0.16
Crafter Score: 32.91% ± 0.84%
Achievements: 8.0 ± 0.0

Experiment: dqn-nstep3
----------------------------------------
Seeds: 3
Final Reward: 4.48 ± 0.16
Crafter Score: 30.23% ± 1.62%
Achievements: 8.7 ± 0.9

Experiment: dqn-nstep5
----------------------------------------
Seeds: 3
Final Reward: 4.00 ± 0.19
Crafter Score: 26.82% ± 1.86%
Achievements: 8.7 ± 1.2

Experiment: full-enhanced
----------------------------------------
Seeds: 3
Final Reward: 2.37 ± 0.06
Crafter Score: 43.70% ± 9.51%
Achievements: 4.7 ± 0.5

Experiment: random-baseline
----------------------------------------
Seeds: 3
Final Reward: -0.90 ± 0.00
Crafter Score: 0.00% ± 0.00%
Achievements: 0.0 ± 0.0
