[0;32m========================================[0m
[0;32mExtended Epsilon Exploration Experiments[0m
[0;32m========================================[0m
[0;34mStart time: Sun Nov  9 13:58:09 UTC 2025[0m
[0;34mLogdir: logdir_extended_exploration[0m
[0;34mTotal steps per run: 1000000[0m
[0;34mEval interval: 50000[0m
[0;34mEpsilon decay steps: 200000[0m
[0;34mEpsilon end: 0.05[0m
[0;34mMode: ONE SEED AT A TIME (memory safe)[0m

[0;34mâ•”â•â•â•â•â•â•â•â•â•â•â•â•â•â•â•â•â•â•â•â•â•â•â•â•â•â•â•â•â•â•â•â•â•â•â•â•â•â•â•â•â•—[0m
[0;34mâ•‘ [1/3] Base DQN + Extended Epsilon      â•‘[0m
[0;34mâ•šâ•â•â•â•â•â•â•â•â•â•â•â•â•â•â•â•â•â•â•â•â•â•â•â•â•â•â•â•â•â•â•â•â•â•â•â•â•â•â•â•â•[0m

Testing vanilla DQN with:
  - Epsilon decay over 200K steps (vs 50K default)
  - Minimum epsilon 0.05 (vs 0.01 default)

[1;33mâ•â•â•â•â•â•â•â•â•â•â•â•â•â•â•â•â•â•â•â•â•â•â•â•â•â•â•â•â•â•â•â•â•â•â•â•â•â•â•[0m
[1;33mExperiment: base-dqn-extended[0m
[1;33mâ•â•â•â•â•â•â•â•â•â•â•â•â•â•â•â•â•â•â•â•â•â•â•â•â•â•â•â•â•â•â•â•â•â•â•â•â•â•â•[0m
Arguments: 
Seeds: 0 1 2
Running SEQUENTIALLY (one seed at a time)

  [0;32mâ–¶[0m Running seed 0...
     Logdir: logdir_extended_exploration/base-dqn-extended/0
